[debug] [2025-04-12T16:36:23.797Z] ----------------------------------------------------------------------
[debug] [2025-04-12T16:36:23.801Z] Command:       C:\Program Files\nodejs\node.exe C:\Users\AmrSoliman\AppData\Roaming\npm\node_modules\firebase-tools\lib\bin\firebase.js init
[debug] [2025-04-12T16:36:23.801Z] CLI Version:   14.1.0
[debug] [2025-04-12T16:36:23.802Z] Platform:      win32
[debug] [2025-04-12T16:36:23.802Z] Node Version:  v22.12.0
[debug] [2025-04-12T16:36:23.802Z] Time:          Sat Apr 12 2025 18:36:23 GMT+0200 (Eastern European Standard Time)
[debug] [2025-04-12T16:36:23.802Z] ----------------------------------------------------------------------
[debug] 
[debug] [2025-04-12T16:36:23.813Z] > command requires scopes: ["email","openid","https://www.googleapis.com/auth/cloudplatformprojects.readonly","https://www.googleapis.com/auth/firebase","https://www.googleapis.com/auth/cloud-platform"]
[debug] [2025-04-12T16:36:23.813Z] > authorizing via signed-in user (amrsolimangada124003@gmail.com)
[info] 
     ######## #### ########  ######## ########     ###     ######  ########
     ##        ##  ##     ## ##       ##     ##  ##   ##  ##       ##
     ######    ##  ########  ######   ########  #########  ######  ######
     ##        ##  ##    ##  ##       ##     ## ##     ##       ## ##
     ##       #### ##     ## ######## ########  ##     ##  ######  ########

You're about to initialize a Firebase project in this directory:

  F:\Gaduation Project\Website\Fromtend\Tripix\Tripix

[info] 
=== Project Setup
[info] 
[info] First, let's associate this project directory with a Firebase project.
[info] You can create multiple project aliases by running firebase use --add, 
[info] but for now we'll just set up a default project.
[info] 
[debug] [2025-04-12T16:36:46.199Z] Checked if tokens are valid: true, expires at: 1744479016930
[debug] [2025-04-12T16:36:46.199Z] Checked if tokens are valid: true, expires at: 1744479016930
[debug] [2025-04-12T16:36:46.201Z] >>> [apiv2][query] GET https://firebase.googleapis.com/v1beta1/availableProjects pageSize=100
[debug] [2025-04-12T16:36:47.061Z] <<< [apiv2][status] GET https://firebase.googleapis.com/v1beta1/availableProjects 200
[debug] [2025-04-12T16:36:47.061Z] <<< [apiv2][body] GET https://firebase.googleapis.com/v1beta1/availableProjects [omitted]
[debug] [2025-04-12T16:37:05.765Z] Checked if tokens are valid: true, expires at: 1744479016930
[debug] [2025-04-12T16:37:05.765Z] Checked if tokens are valid: true, expires at: 1744479016930
[debug] [2025-04-12T16:37:05.765Z] >>> [apiv2][query] POST https://firebase.googleapis.com/v1beta1/projects/credible-tesla-453511-j0:addFirebase [none]
[debug] [2025-04-12T16:37:06.898Z] <<< [apiv2][status] POST https://firebase.googleapis.com/v1beta1/projects/credible-tesla-453511-j0:addFirebase 403
[debug] [2025-04-12T16:37:06.898Z] <<< [apiv2][body] POST https://firebase.googleapis.com/v1beta1/projects/credible-tesla-453511-j0:addFirebase {"error":{"code":403,"message":"The caller does not have permission","status":"PERMISSION_DENIED"}}
[debug] [2025-04-12T16:37:06.899Z] Request to https://firebase.googleapis.com/v1beta1/projects/credible-tesla-453511-j0:addFirebase had HTTP Error: 403, The caller does not have permission
[debug] [2025-04-12T16:37:07.527Z] FirebaseError: Request to https://firebase.googleapis.com/v1beta1/projects/credible-tesla-453511-j0:addFirebase had HTTP Error: 403, The caller does not have permission
    at responseToError (C:\Users\AmrSoliman\AppData\Roaming\npm\node_modules\firebase-tools\lib\responseToError.js:52:12)
    at RetryOperation._fn (C:\Users\AmrSoliman\AppData\Roaming\npm\node_modules\firebase-tools\lib\apiv2.js:312:77)
    at process.processTicksAndRejections (node:internal/process/task_queues:105:5)
[error] 
[error] Error: Failed to add Firebase to Google Cloud Platform project. See firebase-debug.log for more info.
